[2024-06-09 14:23:21,457: INFO: main: Welcome to our custom log]
[2024-06-17 16:58:55,610: INFO: common: yaml file: config\config.yaml loaded successfully]
[2024-06-17 18:47:03,044: INFO: common: yaml file: config\config.yaml loaded successfully]
[2024-06-17 18:47:03,052: INFO: common: yaml file: params.yaml loaded successfully]
[2024-06-17 18:47:03,054: INFO: common: created directory at: artifacts]
[2024-06-17 18:47:03,057: INFO: common: created directory at: artifacts/data_ingestion]
[2024-06-17 18:47:03,059: INFO: 986331348: Downloading data from https://drive.google.com/file/d/1xxGdKZtWfBe97Zl92sFkmPLfZuX2Pgrv/view?usp=sharing into file artifacts/data_ingestion/data.zip]
[2024-06-17 18:47:06,907: INFO: 986331348: Downloaded data from https://drive.google.com/file/d/1xxGdKZtWfBe97Zl92sFkmPLfZuX2Pgrv/view?usp=sharing into file artifacts/data_ingestion/data.zip]
[2024-06-17 19:06:13,525: INFO: main: >>>>>> stage Data Ingestion stage started <<<<<<]
[2024-06-17 19:06:13,525: INFO: common: yaml file: config\config.yaml loaded successfully]
[2024-06-17 19:06:13,525: INFO: common: yaml file: params.yaml loaded successfully]
[2024-06-17 19:06:13,525: INFO: common: created directory at: artifacts]
[2024-06-17 19:06:13,525: INFO: common: created directory at: artifacts/data_ingestion]
[2024-06-17 19:06:13,525: INFO: data_ingestion: Downloading data from https://drive.google.com/file/d/1xxGdKZtWfBe97Zl92sFkmPLfZuX2Pgrv/view?usp=sharing into file artifacts/data_ingestion/data.zip]
[2024-06-17 19:06:17,758: INFO: data_ingestion: Downloaded data from https://drive.google.com/file/d/1xxGdKZtWfBe97Zl92sFkmPLfZuX2Pgrv/view?usp=sharing into file artifacts/data_ingestion/data.zip]
[2024-06-17 19:06:18,083: INFO: main: >>>>>> stage Data Ingestion stage completed <<<<<<

x==========x]
[2024-06-17 19:43:07,569: INFO: common: yaml file: config\config.yaml loaded successfully]
[2024-06-17 19:43:07,575: INFO: common: yaml file: params.yaml loaded successfully]
[2024-06-17 19:43:07,575: INFO: common: created directory at: artifacts]
[2024-06-17 19:43:07,583: INFO: common: created directory at: artifacts/prepare_base_model]
[2024-06-17 19:43:12,848: WARNING: saving_utils: Compiled the loaded model, but the compiled metrics have yet to be built. `model.compile_metrics` will be empty until you train or evaluate the model.]
[2024-06-17 20:48:39,758: INFO: main: >>>>>> stage Data Ingestion stage started <<<<<<]
[2024-06-17 20:48:39,758: INFO: common: yaml file: config\config.yaml loaded successfully]
[2024-06-17 20:48:39,758: INFO: common: yaml file: params.yaml loaded successfully]
[2024-06-17 20:48:39,758: INFO: common: created directory at: artifacts]
[2024-06-17 20:48:39,758: INFO: common: created directory at: artifacts/data_ingestion]
[2024-06-17 20:48:39,758: INFO: data_ingestion: Downloading data from https://drive.google.com/file/d/1xxGdKZtWfBe97Zl92sFkmPLfZuX2Pgrv/view?usp=sharing into file artifacts/data_ingestion/data.zip]
[2024-06-17 20:48:43,942: INFO: data_ingestion: Downloaded data from https://drive.google.com/file/d/1xxGdKZtWfBe97Zl92sFkmPLfZuX2Pgrv/view?usp=sharing into file artifacts/data_ingestion/data.zip]
[2024-06-17 20:48:44,246: INFO: main: >>>>>> stage Data Ingestion stage completed <<<<<<

x==========x]
[2024-06-17 20:48:44,246: INFO: main: *******************]
[2024-06-17 20:48:44,246: INFO: main: >>>>>> stage Prepare base model started <<<<<<]
[2024-06-17 20:48:44,246: INFO: common: yaml file: config\config.yaml loaded successfully]
[2024-06-17 20:48:44,246: INFO: common: yaml file: params.yaml loaded successfully]
[2024-06-17 20:48:44,246: INFO: common: created directory at: artifacts]
[2024-06-17 20:48:44,246: INFO: common: created directory at: artifacts/prepare_base_model]
[2024-06-17 20:48:44,557: WARNING: saving_utils: Compiled the loaded model, but the compiled metrics have yet to be built. `model.compile_metrics` will be empty until you train or evaluate the model.]
[2024-06-17 20:48:44,724: INFO: main: >>>>>> stage Prepare base model completed <<<<<<

x==========x]
[2024-06-17 20:52:56,684: INFO: common: yaml file: config\config.yaml loaded successfully]
[2024-06-17 20:52:56,686: INFO: common: yaml file: params.yaml loaded successfully]
[2024-06-17 20:52:56,687: INFO: common: created directory at: artifacts]
[2024-06-17 20:52:56,688: INFO: common: created directory at: artifacts\training]
[2024-06-17 21:10:58,586: INFO: main: >>>>>> stage Data Ingestion stage started <<<<<<]
[2024-06-17 21:10:58,592: INFO: common: yaml file: config\config.yaml loaded successfully]
[2024-06-17 21:10:58,592: INFO: common: yaml file: params.yaml loaded successfully]
[2024-06-17 21:10:58,592: INFO: common: created directory at: artifacts]
[2024-06-17 21:10:58,592: INFO: common: created directory at: artifacts/data_ingestion]
[2024-06-17 21:10:58,592: INFO: data_ingestion: Downloading data from https://drive.google.com/file/d/1xxGdKZtWfBe97Zl92sFkmPLfZuX2Pgrv/view?usp=sharing into file artifacts/data_ingestion/data.zip]
[2024-06-17 21:11:02,679: INFO: data_ingestion: Downloaded data from https://drive.google.com/file/d/1xxGdKZtWfBe97Zl92sFkmPLfZuX2Pgrv/view?usp=sharing into file artifacts/data_ingestion/data.zip]
[2024-06-17 21:11:02,961: INFO: main: >>>>>> stage Data Ingestion stage completed <<<<<<

x==========x]
[2024-06-17 21:11:02,961: INFO: main: *******************]
[2024-06-17 21:11:02,961: INFO: main: >>>>>> stage Prepare base model started <<<<<<]
[2024-06-17 21:11:02,961: INFO: common: yaml file: config\config.yaml loaded successfully]
[2024-06-17 21:11:02,961: INFO: common: yaml file: params.yaml loaded successfully]
[2024-06-17 21:11:02,961: INFO: common: created directory at: artifacts]
[2024-06-17 21:11:02,961: INFO: common: created directory at: artifacts/prepare_base_model]
[2024-06-17 21:11:03,261: WARNING: saving_utils: Compiled the loaded model, but the compiled metrics have yet to be built. `model.compile_metrics` will be empty until you train or evaluate the model.]
[2024-06-17 21:11:03,423: INFO: main: >>>>>> stage Prepare base model completed <<<<<<

x==========x]
[2024-06-17 21:11:03,423: INFO: main: *******************]
[2024-06-17 21:11:03,423: INFO: main: >>>>>> stage Training started <<<<<<]
[2024-06-17 21:11:03,423: INFO: common: yaml file: config\config.yaml loaded successfully]
[2024-06-17 21:11:03,423: INFO: common: yaml file: params.yaml loaded successfully]
[2024-06-17 21:11:03,423: INFO: common: created directory at: artifacts]
[2024-06-17 21:11:03,423: ERROR: main: 'ConfigurationManager' object has no attribute 'get_training_config']
Traceback (most recent call last):
  File "D:\Kidney-Disease-Classification-MLFlow-DVC\main.py", line 34, in <module>
    model_trainer.main()
  File "D:\Kidney-Disease-Classification-MLFlow-DVC\src\cnnClassifier\pipeline\stage_03_model_training.py", line 17, in main
    training_config = config.get_training_config()
                      ^^^^^^^^^^^^^^^^^^^^^^^^^^
AttributeError: 'ConfigurationManager' object has no attribute 'get_training_config'
[2024-06-17 21:14:58,775: INFO: main: >>>>>> stage Data Ingestion stage started <<<<<<]
[2024-06-17 21:14:58,775: INFO: common: yaml file: config\config.yaml loaded successfully]
[2024-06-17 21:14:58,775: INFO: common: yaml file: params.yaml loaded successfully]
[2024-06-17 21:14:58,775: INFO: common: created directory at: artifacts]
[2024-06-17 21:14:58,775: INFO: common: created directory at: artifacts/data_ingestion]
[2024-06-17 21:14:58,775: INFO: data_ingestion: Downloading data from https://drive.google.com/file/d/1xxGdKZtWfBe97Zl92sFkmPLfZuX2Pgrv/view?usp=sharing into file artifacts/data_ingestion/data.zip]
[2024-06-17 21:15:02,526: INFO: data_ingestion: Downloaded data from https://drive.google.com/file/d/1xxGdKZtWfBe97Zl92sFkmPLfZuX2Pgrv/view?usp=sharing into file artifacts/data_ingestion/data.zip]
[2024-06-17 21:15:02,802: INFO: main: >>>>>> stage Data Ingestion stage completed <<<<<<

x==========x]
[2024-06-17 21:15:02,802: INFO: main: *******************]
[2024-06-17 21:15:02,802: INFO: main: >>>>>> stage Prepare base model started <<<<<<]
[2024-06-17 21:15:02,802: INFO: common: yaml file: config\config.yaml loaded successfully]
[2024-06-17 21:15:02,802: INFO: common: yaml file: params.yaml loaded successfully]
[2024-06-17 21:15:02,802: INFO: common: created directory at: artifacts]
[2024-06-17 21:15:02,802: INFO: common: created directory at: artifacts/prepare_base_model]
[2024-06-17 21:15:03,098: WARNING: saving_utils: Compiled the loaded model, but the compiled metrics have yet to be built. `model.compile_metrics` will be empty until you train or evaluate the model.]
[2024-06-17 21:15:03,260: INFO: main: >>>>>> stage Prepare base model completed <<<<<<

x==========x]
[2024-06-17 21:15:03,260: INFO: main: *******************]
[2024-06-17 21:15:03,261: INFO: main: >>>>>> stage Training started <<<<<<]
[2024-06-17 21:15:03,262: INFO: common: yaml file: config\config.yaml loaded successfully]
[2024-06-17 21:15:03,263: INFO: common: yaml file: params.yaml loaded successfully]
[2024-06-17 21:15:03,263: INFO: common: created directory at: artifacts]
[2024-06-17 21:15:03,263: ERROR: main: name 'os' is not defined]
Traceback (most recent call last):
  File "D:\Kidney-Disease-Classification-MLFlow-DVC\main.py", line 34, in <module>
    model_trainer.main()
  File "D:\Kidney-Disease-Classification-MLFlow-DVC\src\cnnClassifier\pipeline\stage_03_model_training.py", line 17, in main
    training_config = config.get_training_config()
                      ^^^^^^^^^^^^^^^^^^^^^^^^^^^^
  File "D:\Kidney-Disease-Classification-MLFlow-DVC\src\cnnClassifier\config\configuration.py", line 54, in get_training_config
    training_data = os.path.join(self.config.data_ingestion.unzip_dir, "kidney-ct-scan-image")
                    ^^
NameError: name 'os' is not defined
[2024-06-17 21:15:53,178: INFO: main: >>>>>> stage Data Ingestion stage started <<<<<<]
[2024-06-17 21:15:53,178: INFO: common: yaml file: config\config.yaml loaded successfully]
[2024-06-17 21:15:53,178: INFO: common: yaml file: params.yaml loaded successfully]
[2024-06-17 21:15:53,178: INFO: common: created directory at: artifacts]
[2024-06-17 21:15:53,178: INFO: common: created directory at: artifacts/data_ingestion]
[2024-06-17 21:15:53,178: INFO: data_ingestion: Downloading data from https://drive.google.com/file/d/1xxGdKZtWfBe97Zl92sFkmPLfZuX2Pgrv/view?usp=sharing into file artifacts/data_ingestion/data.zip]
[2024-06-17 21:15:56,941: INFO: data_ingestion: Downloaded data from https://drive.google.com/file/d/1xxGdKZtWfBe97Zl92sFkmPLfZuX2Pgrv/view?usp=sharing into file artifacts/data_ingestion/data.zip]
[2024-06-17 21:15:57,243: INFO: main: >>>>>> stage Data Ingestion stage completed <<<<<<

x==========x]
[2024-06-17 21:15:57,243: INFO: main: *******************]
[2024-06-17 21:15:57,243: INFO: main: >>>>>> stage Prepare base model started <<<<<<]
[2024-06-17 21:15:57,243: INFO: common: yaml file: config\config.yaml loaded successfully]
[2024-06-17 21:15:57,243: INFO: common: yaml file: params.yaml loaded successfully]
[2024-06-17 21:15:57,243: INFO: common: created directory at: artifacts]
[2024-06-17 21:15:57,243: INFO: common: created directory at: artifacts/prepare_base_model]
[2024-06-17 21:15:57,539: WARNING: saving_utils: Compiled the loaded model, but the compiled metrics have yet to be built. `model.compile_metrics` will be empty until you train or evaluate the model.]
[2024-06-17 21:15:57,708: INFO: main: >>>>>> stage Prepare base model completed <<<<<<

x==========x]
[2024-06-17 21:15:57,708: INFO: main: *******************]
[2024-06-17 21:15:57,708: INFO: main: >>>>>> stage Training started <<<<<<]
[2024-06-17 21:15:57,708: INFO: common: yaml file: config\config.yaml loaded successfully]
[2024-06-17 21:15:57,708: INFO: common: yaml file: params.yaml loaded successfully]
[2024-06-17 21:15:57,708: INFO: common: created directory at: artifacts]
[2024-06-17 21:15:57,708: INFO: common: created directory at: artifacts\training]
[2024-06-17 21:16:34,106: INFO: main: >>>>>> stage Training completed <<<<<<

x==========x]
[2024-06-17 21:58:47,291: INFO: common: yaml file: config\config.yaml loaded successfully]
[2024-06-17 21:58:47,291: INFO: common: yaml file: params.yaml loaded successfully]
[2024-06-17 21:58:47,307: INFO: common: created directory at: artifacts]
[2024-06-17 21:58:59,628: INFO: common: json file saved at: scores.json]
[2024-06-17 21:59:00,925: WARNING: save: Found untraced functions such as _jit_compiled_convolution_op, _jit_compiled_convolution_op, _jit_compiled_convolution_op, _jit_compiled_convolution_op, _jit_compiled_convolution_op while saving (showing 5 of 14). These functions will not be directly callable after loading.]
[2024-06-17 21:59:01,328: INFO: builder_impl: Assets written to: C:\Users\zain_\AppData\Local\Temp\tmpy7uk_r1a\model\data\model\assets]
[2024-06-17 22:09:00,391: INFO: common: yaml file: config\config.yaml loaded successfully]
[2024-06-17 22:09:00,393: INFO: common: yaml file: params.yaml loaded successfully]
[2024-06-17 22:09:00,394: INFO: common: created directory at: artifacts]
[2024-06-17 22:09:10,535: INFO: common: json file saved at: scores.json]
[2024-06-17 22:09:11,365: WARNING: save: Found untraced functions such as _jit_compiled_convolution_op, _jit_compiled_convolution_op, _jit_compiled_convolution_op, _jit_compiled_convolution_op, _jit_compiled_convolution_op while saving (showing 5 of 14). These functions will not be directly callable after loading.]
[2024-06-17 22:09:11,682: INFO: builder_impl: Assets written to: C:\Users\zain_\AppData\Local\Temp\tmpcaofhz9b\model\data\model\assets]
[2024-06-17 22:10:57,093: INFO: common: yaml file: config\config.yaml loaded successfully]
[2024-06-17 22:10:57,096: INFO: common: yaml file: params.yaml loaded successfully]
[2024-06-17 22:10:57,096: INFO: common: created directory at: artifacts]
[2024-06-17 22:11:07,297: INFO: common: json file saved at: scores.json]
[2024-06-17 22:11:11,278: INFO: helpers: Initialized MLflow to track repo "Zain-Ispahani/Kidney-Disease-Classification-MLFlow-DVC"]
[2024-06-17 22:11:11,278: INFO: helpers: Repository Zain-Ispahani/Kidney-Disease-Classification-MLFlow-DVC initialized!]
[2024-06-17 22:11:13,201: WARNING: save: Found untraced functions such as _jit_compiled_convolution_op, _jit_compiled_convolution_op, _jit_compiled_convolution_op, _jit_compiled_convolution_op, _jit_compiled_convolution_op while saving (showing 5 of 14). These functions will not be directly callable after loading.]
[2024-06-17 22:11:13,522: INFO: builder_impl: Assets written to: C:\Users\zain_\AppData\Local\Temp\tmph_u8k690\model\data\model\assets]
[2024-06-17 22:16:20,892: INFO: common: yaml file: config\config.yaml loaded successfully]
[2024-06-17 22:16:20,895: INFO: common: yaml file: params.yaml loaded successfully]
[2024-06-17 22:16:20,896: INFO: common: created directory at: artifacts]
[2024-06-17 22:16:31,330: INFO: common: json file saved at: scores.json]
[2024-06-17 22:16:31,902: INFO: helpers: Initialized MLflow to track repo "Zain-Ispahani/Kidney-Disease-Classification-MLFlow-DVC"]
[2024-06-17 22:16:31,906: INFO: helpers: Repository Zain-Ispahani/Kidney-Disease-Classification-MLFlow-DVC initialized!]
[2024-06-17 22:16:33,861: WARNING: save: Found untraced functions such as _jit_compiled_convolution_op, _jit_compiled_convolution_op, _jit_compiled_convolution_op, _jit_compiled_convolution_op, _jit_compiled_convolution_op while saving (showing 5 of 14). These functions will not be directly callable after loading.]
[2024-06-17 22:16:34,193: INFO: builder_impl: Assets written to: C:\Users\zain_\AppData\Local\Temp\tmppxm21c39\model\data\model\assets]
[2024-06-22 14:42:41,725: INFO: common: yaml file: config\config.yaml loaded successfully]
[2024-06-22 14:42:41,738: INFO: common: yaml file: params.yaml loaded successfully]
[2024-06-22 14:42:41,740: INFO: common: created directory at: artifacts]
[2024-06-22 14:42:51,870: INFO: common: json file saved at: scores.json]
[2024-06-22 14:42:53,090: INFO: helpers: Initialized MLflow to track repo "Zain-Ispahani/Kidney-Disease-Classification-MLFlow-DVC"]
[2024-06-22 14:42:53,090: INFO: helpers: Repository Zain-Ispahani/Kidney-Disease-Classification-MLFlow-DVC initialized!]
[2024-06-22 14:42:55,419: WARNING: save: Found untraced functions such as _jit_compiled_convolution_op, _jit_compiled_convolution_op, _jit_compiled_convolution_op, _jit_compiled_convolution_op, _jit_compiled_convolution_op while saving (showing 5 of 14). These functions will not be directly callable after loading.]
[2024-06-22 14:42:55,786: INFO: builder_impl: Assets written to: C:\Users\zain_\AppData\Local\Temp\tmpmous2o75\model\data\model\assets]
